/home/md724/Spectral-Basis/venv/lib/python3.12/site-packages/outdated/__init__.py:36: UserWarning: pkg_resources is deprecated as an API. See https://setuptools.pypa.io/en/latest/pkg_resources.html. The pkg_resources package is slated for removal as early as 2025-11-30. Refrain from using this package or pin to Setuptools<81.
  from pkg_resources import parse_version

============================================================
  amazon-computers  [Crossover]
============================================================
  Loading dataset...
Creating 60/20/20 split for amazon-computers...
  LCC: n=13,381  edges=245,778  classes=10
  Building NetworkX graph...
  Computing clustering coefficients...
  avg_clustering=0.3510  transitivity=0.1077  (27.7s)
  Computing path lengths (sampled)...
  avg_path=3.396  eff_diam=4.0  method=sampled(1000nodes)  (57.8s)
  Computing spectral gap of full normalized Laplacian...
  lambda_2(Fiedler)=0.017253  spectral_gap=0.017253  lambda_max=1.8846  eig_ratio=109.24  (0.3s)
  Computing modularity of label partition...
  modularity=0.4785  (0.1s)
  Computing label assortativity...
  label_assortativity=0.6823  (0.1s)
  homophily=0.7772
  Total for amazon-computers: 90.2s

============================================================
  amazon-photo  [Crossover]
============================================================
  Loading dataset...
Creating 60/20/20 split for amazon-photo...
  LCC: n=7,487  edges=119,043  classes=8
  Building NetworkX graph...
  Computing clustering coefficients...
  avg_clustering=0.4105  transitivity=0.1773  (3.7s)
  Computing path lengths (sampled)...
  avg_path=4.069  eff_diam=6.0  method=sampled(1000nodes)  (8.5s)
  Computing spectral gap of full normalized Laplacian...
  lambda_2(Fiedler)=0.001465  spectral_gap=0.001465  lambda_max=1.8676  eig_ratio=1274.83  (0.1s)
  Computing modularity of label partition...
  modularity=0.6308  (0.1s)
  Computing label assortativity...
  label_assortativity=0.7850  (0.1s)
  homophily=0.8272
  Total for amazon-photo: 12.8s

============================================================
  citeseer  [Monotonic]
============================================================
  Loading dataset...
  LCC: n=2,120  edges=3,679  classes=6
  Building NetworkX graph...
  Computing clustering coefficients...
  avg_clustering=0.1697  transitivity=0.1252  (0.0s)
  Computing path lengths (sampled)...
  avg_path=9.432  eff_diam=14.0  method=sampled(1000nodes)  (0.7s)
  Computing spectral gap of full normalized Laplacian...
  lambda_2(Fiedler)=0.001555  spectral_gap=0.001555  lambda_max=1.9843  eig_ratio=1276.27  (0.0s)
  Computing modularity of label partition...
  modularity=0.5198  (0.0s)
  Computing label assortativity...
  label_assortativity=0.6621  (0.0s)
  homophily=0.7347
  Total for citeseer: 0.8s

============================================================
  coauthor-cs  [Monotonic]
============================================================
  Loading dataset...
Creating 60/20/20 split for coauthor-cs...
  LCC: n=18,333  edges=81,894  classes=15
  Building NetworkX graph...
  Computing clustering coefficients...
  avg_clustering=0.3425  transitivity=0.1826  (0.8s)
  Computing path lengths (sampled)...
  avg_path=5.414  eff_diam=7.0  method=sampled(1000nodes)  (11.8s)
  Computing spectral gap of full normalized Laplacian...
  lambda_2(Fiedler)=0.004116  spectral_gap=0.004116  lambda_max=1.9681  eig_ratio=478.11  (0.4s)
  Computing modularity of label partition...
  modularity=0.6989  (0.1s)
  Computing label assortativity...
  label_assortativity=0.7845  (0.1s)
  homophily=0.8081
  Total for coauthor-cs: 13.9s

============================================================
  coauthor-physics  [Near-crossover]
============================================================
  Loading dataset...
Creating 60/20/20 split for coauthor-physics...
  LCC: n=34,493  edges=247,962  classes=5
  Building NetworkX graph...
  Computing clustering coefficients...
  avg_clustering=0.3776  transitivity=0.1874  (3.6s)
  Computing path lengths (sampled)...
  avg_path=5.193  eff_diam=7.0  method=sampled(1000nodes)  (48.5s)
  Computing spectral gap of full normalized Laplacian...
  lambda_2(Fiedler)=0.015677  spectral_gap=0.015677  lambda_max=1.9585  eig_ratio=124.93  (22.7s)
  Computing modularity of label partition...
  modularity=0.4686  (0.4s)
  Computing label assortativity...
  label_assortativity=0.8724  (0.2s)
  homophily=0.9314
  Total for coauthor-physics: 77.3s

============================================================
  cora  [Monotonic]
============================================================
  Loading dataset...
  LCC: n=2,485  edges=5,069  classes=7
  Building NetworkX graph...
  Computing clustering coefficients...
  avg_clustering=0.2376  transitivity=0.0900  (0.0s)
  Computing path lengths (sampled)...
  avg_path=6.340  eff_diam=9.0  method=sampled(1000nodes)  (1.2s)
  Computing spectral gap of full normalized Laplacian...
  lambda_2(Fiedler)=0.004784  spectral_gap=0.004784  lambda_max=1.9708  eig_ratio=411.95  (0.0s)
  Computing modularity of label partition...
  modularity=0.6331  (0.0s)
  Computing label assortativity...
  label_assortativity=0.7637  (0.0s)
  homophily=0.8041
  Total for cora: 1.4s

============================================================
  ogbn-arxiv  [Crossover]
============================================================
  Loading dataset...
  LCC: n=169,343  edges=1,157,799  classes=40
  Building NetworkX graph...
  Computing clustering coefficients...
  avg_clustering=0.2261  transitivity=0.0162  (113.2s)
  Computing path lengths (sampled)...
  avg_path=5.720  eff_diam=8.0  method=sampled(1000nodes)  (338.6s)
  Computing spectral gap of full normalized Laplacian...
  lambda_2(Fiedler)=0.000711  spectral_gap=0.000711  lambda_max=1.9867  eig_ratio=2796.00  (151.0s)
  Computing modularity of label partition...
  modularity=0.4928  (1.5s)
  Computing label assortativity...
  label_assortativity=0.5877  (1.4s)
  homophily=0.6542
  Total for ogbn-arxiv: 615.3s

============================================================
  pubmed  [Monotonic]
============================================================
  Loading dataset...
  LCC: n=19,717  edges=44,324  classes=3
  Building NetworkX graph...
  Computing clustering coefficients...
  avg_clustering=0.0602  transitivity=0.0537  (0.5s)
  Computing path lengths (sampled)...
  avg_path=6.337  eff_diam=8.0  method=sampled(1000nodes)  (12.6s)
  Computing spectral gap of full normalized Laplacian...
  lambda_2(Fiedler)=0.014067  spectral_gap=0.014067  lambda_max=1.9855  eig_ratio=141.15  (1.2s)
  Computing modularity of label partition...
  modularity=0.4318  (0.1s)
  Computing label assortativity...
  label_assortativity=0.6860  (0.0s)
  homophily=0.8024
  Total for pubmed: 15.2s

============================================================
  wikics  [Near-crossover]
============================================================
  Loading dataset...
/home/md724/Spectral-Basis/venv/lib/python3.12/site-packages/torch_geometric/datasets/wikics.py:45: UserWarning: The WikiCS dataset now returns an undirected graph by default. Please explicitly specify 'is_undirected=False' to restore the old behavior.
  warnings.warn(
WikiCS using split 0: Train=580, Val=1769, Test=5847
  LCC: n=11,311  edges=215,554  classes=10
  Building NetworkX graph...
  Computing clustering coefficients...
  avg_clustering=0.4675  transitivity=0.2623  (13.2s)
  Computing path lengths (sampled)...
  avg_path=3.015  eff_diam=4.0  method=sampled(1000nodes)  (28.4s)
  Computing spectral gap of full normalized Laplacian...
  lambda_2(Fiedler)=0.081557  spectral_gap=0.081557  lambda_max=1.9166  eig_ratio=23.50  (0.2s)
  Computing modularity of label partition...
  modularity=0.4753  (0.2s)
  Computing label assortativity...
  label_assortativity=0.5789  (0.2s)
  homophily=0.6542
  Total for wikics: 44.1s

Saved: /home/md724/Spectral-Basis/PAPER_EXPERIMENTS/PAPER_OUTPUT/q3_analysis/q3_graph_properties.csv

======================================================================
ANALYSIS: Crossover vs Monotonic dataset properties
======================================================================

  Property                     Crossover(3)    Monotonic(4)   Near-cross(2)     Diff%
  --------------------------------------------------------------------------------
  avg_clustering                     0.3292          0.2025          0.4226    +62.6%
  transitivity                       0.1004          0.1129          0.2249    -11.0%
  avg_path_length                    4.3950          6.8808          4.1040    -36.1%
  spectral_gap                       0.0065          0.0061          0.0486     +5.6%
  lambda_2_fiedler                   0.0065          0.0061          0.0486     +5.6%
  modularity                         0.5340          0.5709          0.4720     -6.5%
  label_assortativity                0.6850          0.7241          0.7256     -5.4%
  homophily                          0.7529          0.7873          0.7928     -4.4%
  avg_degree                        27.4031          5.2452         26.2457   +422.4%

======================================================================
PER-DATASET SUMMARY
======================================================================
  Dataset                    Type              clust      mod   assort   homoph    Fiedler   PartA@10
  -----------------------------------------------------------------------------------------------
  amazon-computers           Crossover        0.3510   0.4785   0.6823   0.7772     0.0173      -5.55pp
  amazon-photo               Crossover        0.4105   0.6308   0.7850   0.8272     0.0015      -0.62pp
  citeseer                   Monotonic        0.1697   0.5198   0.6621   0.7347     0.0016     +36.57pp
  coauthor-cs                Monotonic        0.3425   0.6989   0.7845   0.8081     0.0041     +13.06pp
  coauthor-physics           Near-crossover   0.3776   0.4686   0.8724   0.9314     0.0157      +8.02pp
  cora                       Monotonic        0.2376   0.6331   0.7637   0.8041     0.0048     +29.89pp
  ogbn-arxiv                 Crossover        0.2261   0.4928   0.5877   0.6542     0.0007      -0.68pp
  pubmed                     Monotonic        0.0602   0.4318   0.6860   0.8024     0.0141     +27.57pp
  wikics                     Near-crossover   0.4675   0.4753   0.5789   0.6542     0.0816      +8.63pp
Saved: /home/md724/Spectral-Basis/PAPER_EXPERIMENTS/PAPER_OUTPUT/q3_analysis/plot_q3_crossover_vs_monotonic.pdf
Saved: /home/md724/Spectral-Basis/PAPER_EXPERIMENTS/PAPER_OUTPUT/q3_analysis/plot_q3_crossover_vs_monotonic.png
Saved: /home/md724/Spectral-Basis/PAPER_EXPERIMENTS/PAPER_OUTPUT/q3_analysis/plot_q3_property_vs_parta.pdf
Saved: /home/md724/Spectral-Basis/PAPER_EXPERIMENTS/PAPER_OUTPUT/q3_analysis/plot_q3_property_vs_parta.png
Saved: /home/md724/Spectral-Basis/PAPER_EXPERIMENTS/PAPER_OUTPUT/q3_analysis/q3_summary.txt

Total runtime: 14.6 min
Done. All outputs in: /home/md724/Spectral-Basis/PAPER_EXPERIMENTS/PAPER_OUTPUT/q3_analysis
